[main] INFO  computerproject  - URL is opened
[main] INFO  computerproject  - Title of the Page : Computers database
[main] INFO  computerproject  - Add a new computer button clicked
[main] INFO  computerproject  - Computer name field value entered in the TextBox
[main] INFO  computerproject  - Introduced field value entered in the TextBox
[main] INFO  computerproject  - Company name field value choose in the Dropdown list
[main] INFO  computerproject  - Created this computer button clicked
[main] INFO  javascriptproject  - URL is opened
[main] INFO  javascriptproject  - Title of the Page : The Internet
[main] INFO  javascriptproject  - I am a JS Alert
[main] INFO  javascriptproject  - JS Alert accepted
[main] INFO  javascriptproject  - **********************************************************************
[main] INFO  javascriptproject  - URL is opened
[main] INFO  javascriptproject  - Title of the Page : The Internet
[main] INFO  javascriptproject  - I am a JS Confirm
[main] INFO  javascriptproject  - JS Confirm Alert accepted
[main] INFO  javascriptproject  - **********************************************************************
[main] INFO  javascriptproject  - URL is opened
[main] INFO  javascriptproject  - Title of the Page : The Internet
[main] INFO  javascriptproject  - I am a JS prompt
[main] INFO  javascriptproject  - JS Prompt Alert accepted
[main] INFO  javascriptproject  - **********************************************************************
[main] INFO  computerproject  - URL is opened
[main] INFO  computerproject  - Title of the Page : Computers database
[main] INFO  computerproject  - Add a new computer button clicked
[main] INFO  computerproject  - Computer name field value entered in the TextBox
[main] INFO  computerproject  - Introduced field value entered in the TextBox
[main] INFO  computerproject  - Company name field value choose in the Dropdown list
[main] INFO  computerproject  - Created this computer button clicked
[main] INFO  javascriptproject  - URL is opened
[main] INFO  javascriptproject  - Title of the Page : The Internet
[main] INFO  javascriptproject  - I am a JS Alert
[main] INFO  javascriptproject  - JS Alert accepted
[main] INFO  javascriptproject  - **********************************************************************
[main] INFO  javascriptproject  - URL is opened
[main] INFO  javascriptproject  - Title of the Page : The Internet
[main] INFO  javascriptproject  - I am a JS Confirm
[main] INFO  javascriptproject  - JS Confirm Alert accepted
[main] INFO  javascriptproject  - **********************************************************************
[main] INFO  javascriptproject  - URL is opened
[main] INFO  javascriptproject  - Title of the Page : The Internet
[main] INFO  javascriptproject  - I am a JS prompt
[main] INFO  javascriptproject  - JS Prompt Alert accepted
[main] INFO  javascriptproject  - **********************************************************************
[main] INFO  javascriptproject  - URL is opened
[main] INFO  javascriptproject  - Title of the Page : The Internet
[main] INFO  javascriptproject  - I am a JS prompt
[main] INFO  javascriptproject  - JS Prompt Alert accepted
[main] INFO  javascriptproject  - **********************************************************************
[main] INFO  javascriptproject  - URL is opened
[main] INFO  javascriptproject  - Title of the Page : The Internet
[main] INFO  javascriptproject  - I am a JS Confirm
[main] INFO  javascriptproject  - JS Confirm Alert accepted
[main] INFO  javascriptproject  - **********************************************************************
[main] INFO  javascriptproject  - URL is opened
[main] INFO  javascriptproject  - Title of the Page : The Internet
[main] INFO  javascriptproject  - I am a JS Alert
[main] INFO  javascriptproject  - JS Alert accepted
[main] INFO  javascriptproject  - **********************************************************************
[main] INFO  computerproject  - URL is opened
[main] INFO  computerproject  - Title of the Page : Computers database
[main] INFO  computerproject  - Add a new computer button clicked
[main] INFO  computerproject  - Computer name field value entered in the TextBox
[main] INFO  computerproject  - Introduced field value entered in the TextBox
[main] INFO  computerproject  - Company name field value choose in the Dropdown list
[main] INFO  computerproject  - Created this computer button clicked
[main] INFO  computerproject  - URL is opened
[main] INFO  computerproject  - Title of the Page : Computers database
[main] INFO  computerproject  - Add a new computer button clicked
[main] INFO  computerproject  - Computer name field value entered in the TextBox
[main] INFO  computerproject  - Introduced field value entered in the TextBox
[main] INFO  computerproject  - Company name field value choose in the Dropdown list
[main] INFO  computerproject  - Created this computer button clicked
[main] INFO  computerproject  - URL is opened
[main] INFO  computerproject  - Title of the Page : Computers database
[main] INFO  computerproject  - Add a new computer button clicked
[main] INFO  computerproject  - Computer name field value entered in the TextBox
[main] INFO  computerproject  - Introduced field value entered in the TextBox
[main] INFO  computerproject  - Company name field value choose in the Dropdown list
[main] INFO  computerproject  - Created this computer button clicked
[main] INFO  computerproject  - URL is opened
[main] INFO  computerproject  - Title of the Page : Computers database
[main] INFO  computerproject  - Add a new computer button clicked
[main] INFO  computerproject  - Computer name field value entered in the TextBox
[main] INFO  computerproject  - Introduced field value entered in the TextBox
[main] INFO  computerproject  - Company name field value choose in the Dropdown list
[main] INFO  computerproject  - Created this computer button clicked
[main] INFO  computerproject  - URL is opened
[main] INFO  computerproject  - Title of the Page : Computers database
[main] INFO  computerproject  - Add a new computer button clicked
[main] INFO  computerproject  - Computer name field value entered in the TextBox
[main] INFO  computerproject  - Introduced field value entered in the TextBox
[main] INFO  computerproject  - Company name field value choose in the Dropdown list
[main] INFO  computerproject  - Created this computer button clicked
[main] INFO  computerproject  - Done ! Computer TestTestTest3 has been created
[main] INFO  computerproject  - ActualsuccessMsg is Done ! Computer TestTestTest3 has been created
[main] INFO  computerproject  - ExpectedSuccessMsg is Computer TestTestTest3 has been created
[main] INFO  computerproject  - URL is opened
[main] INFO  computerproject  - Title of the Page : Computers database
[main] INFO  computerproject  - Add a new computer button clicked
[main] INFO  computerproject  - Computer name field value entered in the TextBox
[main] INFO  computerproject  - Introduced field value entered in the TextBox
[main] INFO  computerproject  - Company name field value choose in the Dropdown list
[main] INFO  computerproject  - Created this computer button clicked
[main] INFO  computerproject  - URL is opened
[main] INFO  computerproject  - Title of the Page : Computers database
[main] INFO  computerproject  - Add a new computer button clicked
[main] INFO  computerproject  - Computer name field value entered in the TextBox
[main] INFO  computerproject  - Introduced field value entered in the TextBox
[main] INFO  computerproject  - Company name field value choose in the Dropdown list
[main] INFO  computerproject  - Created this computer button clicked
[main] INFO  computerproject  - Done ! Computer TestTestTest3 has been created
[main] INFO  computerproject  - ActualsuccessMsg is Done ! Computer TestTestTest3 has been created
[main] INFO  computerproject  - ExpectedSuccessMsg is Done ! Computer TestTestTest3 has been created
[main] INFO  computerproject  - Success MessageDone ! Computer TestTestTest3 has been created
[main] INFO  computerproject  - **********************************************************************
[main] INFO  computerproject  - URL is opened
[main] INFO  computerproject  - Title of the Page : Computers database
[main] INFO  computerproject  - Add a new computer button clicked
[main] INFO  computerproject  - Computer name field value entered in the TextBox
[main] INFO  computerproject  - Introduced field value entered in the TextBox
[main] INFO  computerproject  - Company name field value choose in the Dropdown list
[main] INFO  computerproject  - Created this computer button clicked
[main] INFO  computerproject  - Done ! Computer ACE has been created
[main] INFO  computerproject  - ActualsuccessMsg is Done ! Computer ACE has been created
[main] INFO  computerproject  - ExpectedSuccessMsg is Done ! Computer ACE has been created
[main] INFO  computerproject  - Success MessageDone ! Computer ACE has been created
[main] INFO  computerproject  - **********************************************************************
[main] INFO  computerproject  - URL is opened
[main] INFO  computerproject  - Title of the Page : Computers database
[main] INFO  computerproject  - Edit computername link clicked
[main] INFO  computerproject  - Computer name field value entered in the TextBox
[main] INFO  computerproject  - Company name field value choose in the Dropdown list
[main] INFO  computerproject  - URL is opened
[main] INFO  computerproject  - Title of the Page : Computers database
[main] INFO  javascriptproject  - URL is opened
[main] INFO  javascriptproject  - Title of the Page : The Internet
[main] INFO  javascriptproject  - I am a JS Alert
[main] INFO  javascriptproject  - JS Alert accepted
[main] INFO  javascriptproject  - **********************************************************************
[main] INFO  javascriptproject  - URL is opened
[main] INFO  javascriptproject  - Title of the Page : The Internet
[main] INFO  javascriptproject  - I am a JS Confirm
[main] INFO  javascriptproject  - JS Confirm Alert accepted
[main] INFO  javascriptproject  - **********************************************************************
[main] INFO  javascriptproject  - URL is opened
[main] INFO  javascriptproject  - Title of the Page : The Internet
[main] INFO  javascriptproject  - I am a JS prompt
[main] INFO  javascriptproject  - JS Prompt Alert accepted
[main] INFO  javascriptproject  - **********************************************************************
[main] INFO  computerproject  - URL is opened
[main] INFO  computerproject  - Title of the Page : Computers database
[main] INFO  computerproject  - Edit computername link clicked
[main] INFO  computerproject  - Computer name field value entered in the TextBox
[main] INFO  computerproject  - Company name field value choose in the Dropdown list
[main] INFO  computerproject  - URL is opened
[main] INFO  computerproject  - Title of the Page : Computers database
[main] INFO  computerproject  - Edit computername link clicked
[main] INFO  computerproject  - Computer name field value entered in the TextBox
[main] INFO  computerproject  - Company name field value choose in the Dropdown list
[main] INFO  computerproject  - Created this computer button clicked
[main] INFO  computerproject  - Done ! Computer ACE1 has been updated
[main] INFO  computerproject  - ActualsuccessMsg is Done ! Computer ACE1 has been updated
[main] INFO  computerproject  - ExpectedSuccessMsg is Done ! Computer ACE1 has been edited
[main] INFO  computerproject  - URL is opened
[main] INFO  computerproject  - Title of the Page : Computers database
[main] INFO  computerproject  - Edit computername link clicked
[main] INFO  computerproject  - Computer name field value entered in the TextBox
[main] INFO  computerproject  - Company name field value choose in the Dropdown list
[main] INFO  computerproject  - Created this computer button clicked
[main] INFO  computerproject  - Done ! Computer ACE1 has been updated
[main] INFO  computerproject  - ActualsuccessMsg is Done ! Computer ACE1 has been updated
[main] INFO  computerproject  - ExpectedSuccessMsg is Done ! Computer ACE1 has been updated
[main] INFO  computerproject  - Success MessageDone ! Computer ACE1 has been updated
[main] INFO  computerproject  - **********************************************************************
[main] INFO  computerproject  - URL is opened
[main] INFO  computerproject  - Title of the Page : Computers database
[main] INFO  computerproject  - URL is opened
[main] INFO  computerproject  - Title of the Page : Computers database
[main] INFO  computerproject  - Edit computername link clicked
[main] INFO  computerproject  - URL is opened
[main] INFO  computerproject  - Title of the Page : Computers database
[main] INFO  computerproject  - Edit computername link clicked
[main] INFO  computerproject  - Delete this computer button clicked
[main] INFO  computerproject  - Done ! Computer ACE has been deleted
[main] INFO  computerproject  - ActualsuccessMsg is Done ! Computer ACE has been deleted
[main] INFO  computerproject  - ExpectedSuccessMsg is Done ! Computer ACE has been deleted
[main] INFO  computerproject  - Success MessageDone ! Computer ACE has been deleted
[main] INFO  computerproject  - **********************************************************************
[main] INFO  computerproject  - URL is opened
[main] INFO  computerproject  - Title of the Page : Computers database
[main] INFO  computerproject  - Add a new computer button clicked
[main] INFO  computerproject  - Computer name field value entered in the TextBox
[main] INFO  computerproject  - Introduced field value entered in the TextBox
[main] INFO  computerproject  - Company name field value choose in the Dropdown list
[main] INFO  computerproject  - Created this computer button clicked
[main] INFO  computerproject  - Done ! Computer ACE has been created
[main] INFO  computerproject  - ActualsuccessMsg is Done ! Computer ACE has been created
[main] INFO  computerproject  - ExpectedSuccessMsg is Done ! Computer ACE has been created
[main] INFO  computerproject  - Success MessageDone ! Computer ACE has been created
[main] INFO  computerproject  - **********************************************************************
[main] INFO  computerproject  - URL is opened
[main] INFO  computerproject  - Title of the Page : Computers database
[main] INFO  computerproject  - Edit computername link clicked
[main] INFO  computerproject  - Computer name field value entered in the TextBox
[main] INFO  computerproject  - Company name field value choose in the Dropdown list
[main] INFO  computerproject  - Created this computer button clicked
[main] INFO  computerproject  - Done ! Computer ACE1 has been updated
[main] INFO  computerproject  - ActualsuccessMsg is Done ! Computer ACE1 has been updated
[main] INFO  computerproject  - ExpectedSuccessMsg is Done ! Computer ACE1 has been updated
[main] INFO  computerproject  - Success MessageDone ! Computer ACE1 has been updated
[main] INFO  computerproject  - **********************************************************************
[main] INFO  computerproject  - URL is opened
[main] INFO  computerproject  - Title of the Page : Computers database
[main] INFO  computerproject  - Edit computername link clicked
[main] INFO  computerproject  - Delete this computer button clicked
[main] INFO  computerproject  - Done ! Computer ACE has been deleted
[main] INFO  computerproject  - ActualsuccessMsg is Done ! Computer ACE has been deleted
[main] INFO  computerproject  - ExpectedSuccessMsg is Done ! Computer ACE has been deleted
[main] INFO  computerproject  - Success MessageDone ! Computer ACE has been deleted
[main] INFO  computerproject  - **********************************************************************
[main] INFO  javascriptproject  - URL is opened
[main] INFO  javascriptproject  - Title of the Page : The Internet
[main] INFO  javascriptproject  - I am a JS Alert
[main] INFO  javascriptproject  - URL is opened
[main] INFO  javascriptproject  - Title of the Page : The Internet
[main] INFO  javascriptproject  - I am a JS Confirm
[main] INFO  javascriptproject  - URL is opened
[main] INFO  javascriptproject  - Title of the Page : The Internet
[main] INFO  javascriptproject  - I am a JS prompt
[main] INFO  computerproject  - URL is opened
[main] INFO  computerproject  - Title of the Page : Computers database
[main] INFO  computerproject  - Add a new computer button clicked
[main] INFO  computerproject  - Computer name field value entered in the TextBox
[main] INFO  computerproject  - Introduced field value entered in the TextBox
[main] INFO  computerproject  - Company name field value choose in the Dropdown list
[main] INFO  computerproject  - Created this computer button clicked
[main] INFO  computerproject  - Done ! Computer ACE has been created
[main] INFO  computerproject  - ActualsuccessMsg is Done ! Computer ACE has been created
[main] INFO  computerproject  - ExpectedSuccessMsg is Done ! Computer ACE has been created
[main] INFO  computerproject  - Success MessageDone ! Computer ACE has been created
[main] INFO  computerproject  - **********************************************************************
[main] INFO  computerproject  - URL is opened
[main] INFO  computerproject  - Title of the Page : Computers database
[main] INFO  computerproject  - Edit computername link clicked
[main] INFO  computerproject  - Computer name field value entered in the TextBox
[main] INFO  computerproject  - Company name field value choose in the Dropdown list
[main] INFO  computerproject  - Created this computer button clicked
[main] INFO  computerproject  - URL is opened
[main] INFO  computerproject  - Title of the Page : Computers database
[main] INFO  computerproject  - Edit computername link clicked
[main] INFO  computerproject  - Delete this computer button clicked
[main] INFO  computerproject  - Done ! Computer ACE has been deleted
[main] INFO  computerproject  - ActualsuccessMsg is Done ! Computer ACE has been deleted
[main] INFO  computerproject  - ExpectedSuccessMsg is Done ! Computer ACE has been deleted
[main] INFO  computerproject  - Success MessageDone ! Computer ACE has been deleted
[main] INFO  computerproject  - **********************************************************************
[main] INFO  javascriptproject  - URL is opened
[main] INFO  javascriptproject  - Title of the Page : The Internet
[main] INFO  javascriptproject  - I am a JS Alert
[main] INFO  javascriptproject  - URL is opened
[main] INFO  javascriptproject  - Title of the Page : The Internet
[main] INFO  javascriptproject  - I am a JS Confirm
[main] INFO  javascriptproject  - URL is opened
[main] INFO  javascriptproject  - Title of the Page : The Internet
[main] INFO  javascriptproject  - I am a JS prompt
[main] INFO  computerproject  - URL is opened
[main] INFO  computerproject  - Title of the Page : Computers database
[main] INFO  computerproject  - Add a new computer button clicked
[main] INFO  computerproject  - Computer name field value entered in the TextBox
[main] INFO  computerproject  - Introduced field value entered in the TextBox
[main] INFO  computerproject  - Company name field value choose in the Dropdown list
[main] INFO  computerproject  - Created this computer button clicked
[main] INFO  computerproject  - Done ! Computer ACE has been created
[main] INFO  computerproject  - ActualsuccessMsg is Done ! Computer ACE has been created
[main] INFO  computerproject  - ExpectedSuccessMsg is Done ! Computer ACE has been created
[main] INFO  computerproject  - Success MessageDone ! Computer ACE has been created
[main] INFO  computerproject  - **********************************************************************
[main] INFO  computerproject  - URL is opened
[main] INFO  computerproject  - Title of the Page : Computers database
[main] INFO  computerproject  - Edit computername link clicked
[main] INFO  computerproject  - Computer name field value entered in the TextBox
[main] INFO  computerproject  - Company name field value choose in the Dropdown list
[main] INFO  computerproject  - Created this computer button clicked
[main] INFO  computerproject  - Done ! Computer ACE1 has been updated
[main] INFO  computerproject  - ActualsuccessMsg is Done ! Computer ACE1 has been updated
[main] INFO  computerproject  - ExpectedSuccessMsg is Done ! Computer ACE1 has been updated
[main] INFO  computerproject  - Success MessageDone ! Computer ACE1 has been updated
[main] INFO  computerproject  - **********************************************************************
[main] INFO  computerproject  - URL is opened
[main] INFO  computerproject  - Title of the Page : Computers database
[main] INFO  computerproject  - Edit computername link clicked
[main] INFO  computerproject  - Delete this computer button clicked
[main] INFO  computerproject  - Done ! Computer ACE has been deleted
[main] INFO  computerproject  - ActualsuccessMsg is Done ! Computer ACE has been deleted
[main] INFO  computerproject  - ExpectedSuccessMsg is Done ! Computer ACE has been deleted
[main] INFO  computerproject  - Success MessageDone ! Computer ACE has been deleted
[main] INFO  computerproject  - **********************************************************************
[main] INFO  javascriptproject  - URL is opened
[main] INFO  javascriptproject  - Title of the Page : The Internet
[main] INFO  javascriptproject  - I am a JS Alert
[main] INFO  javascriptproject  - URL is opened
[main] INFO  javascriptproject  - Title of the Page : The Internet
[main] INFO  javascriptproject  - I am a JS Alert
[main] INFO  computerproject  - URL is opened
[main] INFO  computerproject  - Title of the Page : Computers database
[main] INFO  computerproject  - Add a new computer button clicked
[main] INFO  computerproject  - Computer name field value entered in the TextBox
[main] INFO  computerproject  - Introduced field value entered in the TextBox
[main] INFO  computerproject  - Company name field value choose in the Dropdown list
[main] INFO  computerproject  - Created this computer button clicked
[main] INFO  computerproject  - Done ! Computer ACE has been created
[main] INFO  computerproject  - ActualsuccessMsg is Done ! Computer ACE has been created
[main] INFO  computerproject  - ExpectedSuccessMsg is Done ! Computer ACE has been created
[main] INFO  computerproject  - Success MessageDone ! Computer ACE has been created
[main] INFO  computerproject  - **********************************************************************
[main] INFO  computerproject  - URL is opened
[main] INFO  computerproject  - Title of the Page : Computers database
[main] INFO  computerproject  - Edit computername link clicked
[main] INFO  computerproject  - Computer name field value entered in the TextBox
[main] INFO  computerproject  - Company name field value choose in the Dropdown list
[main] INFO  computerproject  - Created this computer button clicked
[main] INFO  computerproject  - Done ! Computer ACE1 has been updated
[main] INFO  computerproject  - ActualsuccessMsg is Done ! Computer ACE1 has been updated
[main] INFO  computerproject  - ExpectedSuccessMsg is Done ! Computer ACE1 has been updated
[main] INFO  computerproject  - Success MessageDone ! Computer ACE1 has been updated
[main] INFO  computerproject  - **********************************************************************
[main] INFO  computerproject  - URL is opened
[main] INFO  computerproject  - Title of the Page : Computers database
[main] INFO  computerproject  - Edit computername link clicked
[main] INFO  computerproject  - Delete this computer button clicked
[main] INFO  computerproject  - Done ! Computer ACE has been deleted
[main] INFO  computerproject  - ActualsuccessMsg is Done ! Computer ACE has been deleted
[main] INFO  computerproject  - ExpectedSuccessMsg is Done ! Computer ACE has been deleted
[main] INFO  computerproject  - Success MessageDone ! Computer ACE has been deleted
[main] INFO  computerproject  - **********************************************************************
[main] INFO  javascriptproject  - URL is opened
[main] INFO  javascriptproject  - Title of the Page : The Internet
[main] INFO  javascriptproject  - I am a JS Alert
[main] INFO  javascriptproject  - You successfully clicked an alert
[main] INFO  javascriptproject  - **********************************************************************
[main] INFO  javascriptproject  - URL is opened
[main] INFO  javascriptproject  - Title of the Page : The Internet
[main] INFO  javascriptproject  - I am a JS Confirm
[main] INFO  javascriptproject  - You clicked: Ok
[main] INFO  javascriptproject  - **********************************************************************
[main] INFO  javascriptproject  - URL is opened
[main] INFO  javascriptproject  - Title of the Page : The Internet
[main] INFO  javascriptproject  - I am a JS prompt
[main] INFO  javascriptproject  - You entered: I am a JS prompt
[main] INFO  javascriptproject  - **********************************************************************
